<?xml version="1.0" encoding="UTF-8"?>
<testsuites name="bun test" tests="359" assertions="660" failures="4" skipped="0" time="53.077365757">
  <testsuite name="test/account.test.ts" file="test/account.test.ts" tests="3" assertions="23" failures="0" skipped="0" time="0" hostname="WORKPC">
    <testsuite name="AccountV2" file="test/account.test.ts" line="73" tests="3" assertions="23" failures="0" skipped="0" time="0.062" hostname="WORKPC">
      <testcase name="emits account lifecycle events" classname="AccountV2" time="0.034294" file="test/account.test.ts" line="74" assertions="11" />
      <testcase name="always switches to newly created accounts" classname="AccountV2" time="0.009369" file="test/account.test.ts" line="134" assertions="5" />
      <testcase name="account plugin refreshes providers on account lifecycle events" classname="AccountV2" time="0.019367" file="test/account.test.ts" line="178" assertions="7" />
    </testsuite>
  </testsuite>
  <testsuite name="test/catalog.test.ts" file="test/catalog.test.ts" tests="8" assertions="11" failures="0" skipped="0" time="0" hostname="WORKPC">
    <testsuite name="CatalogV2" file="test/catalog.test.ts" line="20" tests="8" assertions="11" failures="0" skipped="0" time="0.031" hostname="WORKPC">
      <testcase name="normalizes provider baseURL into endpoint url" classname="CatalogV2" time="0.004854" file="test/catalog.test.ts" line="21" assertions="1" />
      <testcase name="normalizes model baseURL into endpoint url" classname="CatalogV2" time="0.006364" file="test/catalog.test.ts" line="46" assertions="1" />
      <testcase name="resolves unknown model endpoint from provider endpoint" classname="CatalogV2" time="0.0037" file="test/catalog.test.ts" line="75" assertions="1" />
      <testcase name="runs catalog transform hooks after baseURL is normalized" classname="CatalogV2" time="0.002847" file="test/catalog.test.ts" line="101" assertions="1" />
      <testcase name="runs catalog transform when a plugin is added" classname="CatalogV2" time="0.00306" file="test/catalog.test.ts" line="133" assertions="1" />
      <testcase name="resolves provider and model option merges" classname="CatalogV2" time="0.007507" file="test/catalog.test.ts" line="162" assertions="4" />
      <testcase name="falls back to newest available model when no default is configured" classname="CatalogV2" time="0.003116" file="test/catalog.test.ts" line="193" assertions="1" />
      <testcase name="small model prefers small keyword candidates before cost scoring" classname="CatalogV2" time="0.003608" file="test/catalog.test.ts" line="215" assertions="1" />
    </testsuite>
  </testsuite>
  <testsuite name="test/event.test.ts" file="test/event.test.ts" tests="7" assertions="14" failures="0" skipped="0" time="0" hostname="WORKPC">
    <testsuite name="EventV2" file="test/event.test.ts" line="36" tests="7" assertions="14" failures="0" skipped="0" time="0.002" hostname="WORKPC">
      <testcase name="publishes events with the current location" classname="EventV2" time="0.001372" file="test/event.test.ts" line="37" assertions="5" />
      <testcase name="omits location when no location is available" classname="EventV2" time="0.000846" file="test/event.test.ts" line="53" assertions="2" />
      <testcase name="publishes definition version" classname="EventV2" time="0.000587" file="test/event.test.ts" line="63" assertions="2" />
      <testcase name="stores definitions in the exported registry" classname="EventV2" time="0.000493" file="test/event.test.ts" line="73" assertions="1" />
      <testcase name="publishes to typed and wildcard subscriptions" classname="EventV2" time="0.001216" file="test/event.test.ts" line="79" assertions="2" />
      <testcase name="runs sync handlers inline" classname="EventV2" time="0.000633" file="test/event.test.ts" line="92" assertions="1" />
      <testcase name="runs sync handlers before publishing to streams" classname="EventV2" time="0.000902" file="test/event.test.ts" line="110" assertions="1" />
    </testsuite>
  </testsuite>
  <testsuite name="test/global.test.ts" file="test/global.test.ts" tests="2" assertions="3" failures="0" skipped="0" time="0" hostname="WORKPC">
    <testsuite name="global paths" file="test/global.test.ts" line="7" tests="2" assertions="3" failures="0" skipped="0" time="0" hostname="WORKPC">
      <testcase name="tmp path is under the system temp directory" classname="global paths" time="0.000053" file="test/global.test.ts" line="8" assertions="2" />
      <testcase name="tmp path is created on module load" classname="global paths" time="0.000165" file="test/global.test.ts" line="13" assertions="1" />
    </testsuite>
  </testsuite>
  <testsuite name="test/models.test.ts" file="test/models.test.ts" tests="8" assertions="21" failures="0" skipped="0" time="0" hostname="WORKPC">
    <testsuite name="ModelsDev Service" file="test/models.test.ts" line="126" tests="8" assertions="21" failures="0" skipped="0" time="0.655" hostname="WORKPC">
      <testcase name="get() returns providers from disk when cache file exists" classname="ModelsDev Service" time="0.004031" file="test/models.test.ts" line="127" assertions="2" />
      <testcase name="get() returns empty catalog when disk empty, fetch disabled, and no bundled snapshot is injected" classname="ModelsDev Service" time="0.001148" file="test/models.test.ts" line="141" assertions="2" />
      <testcase name="get() is single-flight under concurrent calls" classname="ModelsDev Service" time="0.001591" file="test/models.test.ts" line="154" assertions="5" />
      <testcase name="get() caches across calls (later disk writes are ignored until invalidate)" classname="ModelsDev Service" time="0.001578" file="test/models.test.ts" line="171" assertions="2" />
      <testcase name="refresh(true) fetches via HttpClient and updates the cache" classname="ModelsDev Service" time="0.010448" file="test/models.test.ts" line="191" assertions="5" />
      <testcase name="refresh(false) skips fetch when on-disk file is fresh" classname="ModelsDev Service" time="0.001704" file="test/models.test.ts" line="214" assertions="1" />
      <testcase name="refresh(false) fetches when on-disk file is stale" classname="ModelsDev Service" time="0.004085" file="test/models.test.ts" line="228" assertions="2" />
      <testcase name="refresh swallows HTTP errors and leaves cache intact" classname="ModelsDev Service" time="0.633903" file="test/models.test.ts" line="247" assertions="2" />
    </testsuite>
  </testsuite>
  <testsuite name="test/npm-config.test.ts" file="test/npm-config.test.ts" tests="5" assertions="6" failures="0" skipped="0" time="0" hostname="WORKPC">
    <testsuite name="NpmConfig.load" file="test/npm-config.test.ts" line="7" tests="3" assertions="4" failures="0" skipped="0" time="0.025" hostname="WORKPC">
      <testcase name="reads registry from project .npmrc" classname="NpmConfig.load" time="0.013641" file="test/npm-config.test.ts" line="8" assertions="1" />
      <testcase name="reads scoped registries from project .npmrc" classname="NpmConfig.load" time="0.008061" file="test/npm-config.test.ts" line="17" assertions="1" />
      <testcase name="flattens boolean and list options" classname="NpmConfig.load" time="0.004191" file="test/npm-config.test.ts" line="26" assertions="2" />
    </testsuite>
    <testsuite name="NpmConfig.registry" file="test/npm-config.test.ts" line="37" tests="2" assertions="2" failures="0" skipped="0" time="0.01" hostname="WORKPC">
      <testcase name="normalizes configured registry without trailing slash" classname="NpmConfig.registry" time="0.004233" file="test/npm-config.test.ts" line="38" assertions="1" />
      <testcase name="leaves configured registry without trailing slash unchanged" classname="NpmConfig.registry" time="0.006367" file="test/npm-config.test.ts" line="45" assertions="1" />
    </testsuite>
  </testsuite>
  <testsuite name="test/npm.test.ts" file="test/npm.test.ts" tests="4" assertions="7" failures="0" skipped="0" time="0" hostname="WORKPC">
    <testsuite name="Npm.sanitize" file="test/npm.test.ts" line="31" tests="2" assertions="4" failures="0" skipped="0" time="0" hostname="WORKPC">
      <testcase name="keeps normal scoped package specs unchanged" classname="Npm.sanitize" time="0.000039" file="test/npm.test.ts" line="32" assertions="3" />
      <testcase name="handles git https specs" classname="Npm.sanitize" time="0.000012" file="test/npm.test.ts" line="38" assertions="1" />
    </testsuite>
    <testsuite name="Npm.add" file="test/npm.test.ts" line="45" tests="1" assertions="1" failures="0" skipped="0" time="4.91" hostname="WORKPC">
      <testcase name="reifies when package cache directory exists without the package installed" classname="Npm.add" time="4.910205" file="test/npm.test.ts" line="46" assertions="1" />
    </testsuite>
    <testsuite name="Npm.install" file="test/npm.test.ts" line="67" tests="1" assertions="2" failures="0" skipped="0" time="0.232" hostname="WORKPC">
      <testcase name="respects omit from project .npmrc" classname="Npm.install" time="0.232172" file="test/npm.test.ts" line="68" assertions="2" />
    </testsuite>
  </testsuite>
  <testsuite name="test/effect/cross-spawn-spawner.test.ts" file="test/effect/cross-spawn-spawner.test.ts" tests="24" assertions="25" failures="0" skipped="0" time="0" hostname="WORKPC">
    <testsuite name="cross-spawn spawner" file="test/effect/cross-spawn-spawner.test.ts" line="61" tests="24" assertions="25" failures="0" skipped="0" time="0" hostname="WORKPC">
      <testsuite name="basic spawning" file="test/effect/cross-spawn-spawner.test.ts" line="62" tests="4" assertions="4" failures="0" skipped="0" time="1.773" hostname="WORKPC">
        <testcase name="captures stdout" classname="basic spawning &amp;gt; cross-spawn spawner" time="0.551661" file="test/effect/cross-spawn-spawner.test.ts" line="64" assertions="1" />
        <testcase name="captures multiple lines" classname="basic spawning &amp;gt; cross-spawn spawner" time="0.32187" file="test/effect/cross-spawn-spawner.test.ts" line="74" assertions="1" />
        <testcase name="returns exit code" classname="basic spawning &amp;gt; cross-spawn spawner" time="0.543768" file="test/effect/cross-spawn-spawner.test.ts" line="83" assertions="1" />
        <testcase name="returns non-zero exit code" classname="basic spawning &amp;gt; cross-spawn spawner" time="0.358998" file="test/effect/cross-spawn-spawner.test.ts" line="92" assertions="1" />
      </testsuite>
      <testsuite name="cwd option" file="test/effect/cross-spawn-spawner.test.ts" line="101" tests="2" assertions="2" failures="0" skipped="0" time="0.035" hostname="WORKPC">
        <testcase name="uses cwd when spawning commands" classname="cwd option &amp;gt; cross-spawn spawner" time="0.034814" file="test/effect/cross-spawn-spawner.test.ts" line="103" assertions="1" />
        <testcase name="fails for invalid cwd" classname="cwd option &amp;gt; cross-spawn spawner" time="0.001051" file="test/effect/cross-spawn-spawner.test.ts" line="119" assertions="1" />
      </testsuite>
      <testsuite name="env option" file="test/effect/cross-spawn-spawner.test.ts" line="131" tests="2" assertions="2" failures="0" skipped="0" time="0.405" hostname="WORKPC">
        <testcase name="passes environment variables with extendEnv" classname="env option &amp;gt; cross-spawn spawner" time="0.236878" file="test/effect/cross-spawn-spawner.test.ts" line="133" assertions="1" />
        <testcase name="passes multiple environment variables" classname="env option &amp;gt; cross-spawn spawner" time="0.169381" file="test/effect/cross-spawn-spawner.test.ts" line="145" assertions="1" />
      </testsuite>
      <testsuite name="stderr" file="test/effect/cross-spawn-spawner.test.ts" line="160" tests="2" assertions="3" failures="0" skipped="0" time="0.312" hostname="WORKPC">
        <testcase name="captures stderr output" classname="stderr &amp;gt; cross-spawn spawner" time="0.156728" file="test/effect/cross-spawn-spawner.test.ts" line="162" assertions="1" />
        <testcase name="captures both stdout and stderr" classname="stderr &amp;gt; cross-spawn spawner" time="0.156525" file="test/effect/cross-spawn-spawner.test.ts" line="171" assertions="2" />
      </testsuite>
      <testsuite name="combined output (all)" file="test/effect/cross-spawn-spawner.test.ts" line="193" tests="2" assertions="2" failures="0" skipped="0" time="0.25" hostname="WORKPC">
        <testcase name="captures stdout via .all when no stderr" classname="combined output (all) &amp;gt; cross-spawn spawner" time="0.093641" file="test/effect/cross-spawn-spawner.test.ts" line="195" assertions="1" />
        <testcase name="captures stderr via .all when no stdout" classname="combined output (all) &amp;gt; cross-spawn spawner" time="0.157424" file="test/effect/cross-spawn-spawner.test.ts" line="204" assertions="1" />
      </testsuite>
      <testsuite name="stdin" file="test/effect/cross-spawn-spawner.test.ts" line="213" tests="1" assertions="1" failures="0" skipped="0" time="0.126" hostname="WORKPC">
        <testcase name="allows providing standard input to a command" classname="stdin &amp;gt; cross-spawn spawner" time="0.126878" file="test/effect/cross-spawn-spawner.test.ts" line="215" assertions="1" />
      </testsuite>
      <testsuite name="process control" file="test/effect/cross-spawn-spawner.test.ts" line="230" tests="4" assertions="5" failures="0" skipped="0" time="0.28" hostname="WORKPC">
        <testcase name="kills a running process" classname="process control &amp;gt; cross-spawn spawner" time="0.064782" file="test/effect/cross-spawn-spawner.test.ts" line="232" assertions="1" />
        <testcase name="kills a child when scope exits" classname="process control &amp;gt; cross-spawn spawner" time="0.058502" file="test/effect/cross-spawn-spawner.test.ts" line="246" assertions="1" />
        <testcase name="forceKillAfter escalates for stubborn processes" classname="process control &amp;gt; cross-spawn spawner" time="0.054205" file="test/effect/cross-spawn-spawner.test.ts" line="260" assertions="2" />
        <testcase name="isRunning reflects process state" classname="process control &amp;gt; cross-spawn spawner" time="0.104319" file="test/effect/cross-spawn-spawner.test.ts" line="279" assertions="1" />
      </testsuite>
      <testsuite name="error handling" file="test/effect/cross-spawn-spawner.test.ts" line="289" tests="1" assertions="1" failures="0" skipped="0" time="0.049" hostname="WORKPC">
        <testcase name="fails for invalid command" classname="error handling &amp;gt; cross-spawn spawner" time="0.049315" file="test/effect/cross-spawn-spawner.test.ts" line="291" assertions="1" />
      </testsuite>
      <testsuite name="pipeline" file="test/effect/cross-spawn-spawner.test.ts" line="304" tests="4" assertions="5" failures="0" skipped="0" time="0.586" hostname="WORKPC">
        <testcase name="pipes stdout of one command to stdin of another" classname="pipeline &amp;gt; cross-spawn spawner" time="0.150592" file="test/effect/cross-spawn-spawner.test.ts" line="306" assertions="1" />
        <testcase name="three-stage pipeline" classname="pipeline &amp;gt; cross-spawn spawner" time="0.19273" file="test/effect/cross-spawn-spawner.test.ts" line="322" assertions="1" />
        <testcase name="pipes stderr with { from: &apos;stderr&apos; }" classname="pipeline &amp;gt; cross-spawn spawner" time="0.125807" file="test/effect/cross-spawn-spawner.test.ts" line="343" assertions="1" />
        <testcase name="pipes combined output with { from: &apos;all&apos; }" classname="pipeline &amp;gt; cross-spawn spawner" time="0.119551" file="test/effect/cross-spawn-spawner.test.ts" line="360" assertions="2" />
      </testsuite>
      <testsuite name="Windows-specific" file="test/effect/cross-spawn-spawner.test.ts" line="378" tests="2" assertions="0" failures="0" skipped="0" time="0" hostname="WORKPC">
        <testcase name="uses shell routing on Windows" classname="Windows-specific &amp;gt; cross-spawn spawner" time="0.000681" file="test/effect/cross-spawn-spawner.test.ts" line="380" assertions="0" />
        <testcase name="runs cmd scripts with spaces on Windows without shell" classname="Windows-specific &amp;gt; cross-spawn spawner" time="0.000721" file="test/effect/cross-spawn-spawner.test.ts" line="398" assertions="0" />
      </testsuite>
    </testsuite>
  </testsuite>
  <testsuite name="test/effect/observability.test.ts" file="test/effect/observability.test.ts" tests="3" assertions="5" failures="0" skipped="0" time="0" hostname="WORKPC">
    <testsuite name="resource" file="test/effect/observability.test.ts" line="15" tests="3" assertions="5" failures="0" skipped="0" time="0.002" hostname="WORKPC">
      <testcase name="parses and decodes OTEL resource attributes" classname="resource" time="0.002242" file="test/effect/observability.test.ts" line="16" assertions="1" />
      <testcase name="drops OTEL resource attributes when any entry is invalid" classname="resource" time="0.00006" file="test/effect/observability.test.ts" line="28" assertions="2" />
      <testcase name="keeps built-in attributes when env values conflict" classname="resource" time="0.000052" file="test/effect/observability.test.ts" line="35" assertions="2" />
    </testsuite>
  </testsuite>
  <testsuite name="test/filesystem/filesystem.test.ts" file="test/filesystem/filesystem.test.ts" tests="26" assertions="37" failures="0" skipped="0" time="0" hostname="WORKPC">
    <testsuite name="AppFileSystem" file="test/filesystem/filesystem.test.ts" line="11" tests="26" assertions="37" failures="0" skipped="0" time="0" hostname="WORKPC">
      <testsuite name="isDir" file="test/filesystem/filesystem.test.ts" line="12" tests="3" assertions="3" failures="0" skipped="0" time="0.003" hostname="WORKPC">
        <testcase name="returns true for directories" classname="isDir &amp;gt; AppFileSystem" time="0.00207" file="test/filesystem/filesystem.test.ts" line="14" assertions="1" />
        <testcase name="returns false for files" classname="isDir &amp;gt; AppFileSystem" time="0.001303" file="test/filesystem/filesystem.test.ts" line="24" assertions="1" />
        <testcase name="returns false for non-existent paths" classname="isDir &amp;gt; AppFileSystem" time="0.000589" file="test/filesystem/filesystem.test.ts" line="36" assertions="1" />
      </testsuite>
      <testsuite name="isFile" file="test/filesystem/filesystem.test.ts" line="44" tests="2" assertions="2" failures="0" skipped="0" time="0.001" hostname="WORKPC">
        <testcase name="returns true for files" classname="isFile &amp;gt; AppFileSystem" time="0.001216" file="test/filesystem/filesystem.test.ts" line="46" assertions="1" />
        <testcase name="returns false for directories" classname="isFile &amp;gt; AppFileSystem" time="0.000961" file="test/filesystem/filesystem.test.ts" line="58" assertions="1" />
      </testsuite>
      <testsuite name="readFileStringSafe" file="test/filesystem/filesystem.test.ts" line="68" tests="2" assertions="2" failures="0" skipped="0" time="0.002" hostname="WORKPC">
        <testcase name="returns file contents when file exists" classname="readFileStringSafe &amp;gt; AppFileSystem" time="0.001331" file="test/filesystem/filesystem.test.ts" line="70" assertions="1" />
        <testcase name="returns undefined for missing file (NotFound)" classname="readFileStringSafe &amp;gt; AppFileSystem" time="0.001115" file="test/filesystem/filesystem.test.ts" line="84" assertions="1" />
      </testsuite>
      <testsuite name="readJson / writeJson" file="test/filesystem/filesystem.test.ts" line="96" tests="1" assertions="1" failures="0" skipped="0" time="0.001" hostname="WORKPC">
        <testcase name="round-trips JSON data" classname="readJson / writeJson &amp;gt; AppFileSystem" time="0.001472" file="test/filesystem/filesystem.test.ts" line="98" assertions="1" />
      </testsuite>
      <testsuite name="ensureDir" file="test/filesystem/filesystem.test.ts" line="114" tests="2" assertions="2" failures="0" skipped="0" time="0.002" hostname="WORKPC">
        <testcase name="creates nested directories" classname="ensureDir &amp;gt; AppFileSystem" time="0.001482" file="test/filesystem/filesystem.test.ts" line="116" assertions="1" />
        <testcase name="is idempotent" classname="ensureDir &amp;gt; AppFileSystem" time="0.001535" file="test/filesystem/filesystem.test.ts" line="131" assertions="1" />
      </testsuite>
      <testsuite name="writeWithDirs" file="test/filesystem/filesystem.test.ts" line="147" tests="3" assertions="3" failures="0" skipped="0" time="0.007" hostname="WORKPC">
        <testcase name="creates parent directories if missing" classname="writeWithDirs &amp;gt; AppFileSystem" time="0.005069" file="test/filesystem/filesystem.test.ts" line="149" assertions="1" />
        <testcase name="writes directly when parent exists" classname="writeWithDirs &amp;gt; AppFileSystem" time="0.001284" file="test/filesystem/filesystem.test.ts" line="163" assertions="1" />
        <testcase name="writes Uint8Array content" classname="writeWithDirs &amp;gt; AppFileSystem" time="0.001219" file="test/filesystem/filesystem.test.ts" line="177" assertions="1" />
      </testsuite>
      <testsuite name="findUp" file="test/filesystem/filesystem.test.ts" line="193" tests="3" assertions="3" failures="0" skipped="0" time="0.002" hostname="WORKPC">
        <testcase name="finds target in start directory" classname="findUp &amp;gt; AppFileSystem" time="0.001453" file="test/filesystem/filesystem.test.ts" line="195" assertions="1" />
        <testcase name="finds target in parent directories" classname="findUp &amp;gt; AppFileSystem" time="0.001608" file="test/filesystem/filesystem.test.ts" line="208" assertions="1" />
        <testcase name="returns empty array when not found" classname="findUp &amp;gt; AppFileSystem" time="0.000886" file="test/filesystem/filesystem.test.ts" line="223" assertions="1" />
      </testsuite>
      <testsuite name="up" file="test/filesystem/filesystem.test.ts" line="234" tests="1" assertions="3" failures="0" skipped="0" time="0.002" hostname="WORKPC">
        <testcase name="finds multiple targets walking up" classname="up &amp;gt; AppFileSystem" time="0.002333" file="test/filesystem/filesystem.test.ts" line="236" assertions="3" />
      </testsuite>
      <testsuite name="glob" file="test/filesystem/filesystem.test.ts" line="256" tests="2" assertions="2" failures="0" skipped="0" time="0.013" hostname="WORKPC">
        <testcase name="finds files matching pattern" classname="glob &amp;gt; AppFileSystem" time="0.011392" file="test/filesystem/filesystem.test.ts" line="258" assertions="1" />
        <testcase name="supports absolute paths" classname="glob &amp;gt; AppFileSystem" time="0.002125" file="test/filesystem/filesystem.test.ts" line="273" assertions="1" />
      </testsuite>
      <testsuite name="globMatch" file="test/filesystem/filesystem.test.ts" line="286" tests="1" assertions="3" failures="0" skipped="0" time="0.003" hostname="WORKPC">
        <testcase name="matches patterns" classname="globMatch &amp;gt; AppFileSystem" time="0.00307" file="test/filesystem/filesystem.test.ts" line="288" assertions="3" />
      </testsuite>
      <testsuite name="globUp" file="test/filesystem/filesystem.test.ts" line="298" tests="1" assertions="2" failures="0" skipped="0" time="0.003" hostname="WORKPC">
        <testcase name="finds files walking up directories" classname="globUp &amp;gt; AppFileSystem" time="0.003937" file="test/filesystem/filesystem.test.ts" line="300" assertions="2" />
      </testsuite>
      <testsuite name="built-in passthrough" file="test/filesystem/filesystem.test.ts" line="317" tests="2" assertions="3" failures="0" skipped="0" time="0.002" hostname="WORKPC">
        <testcase name="exists works" classname="built-in passthrough &amp;gt; AppFileSystem" time="0.001267" file="test/filesystem/filesystem.test.ts" line="319" assertions="2" />
        <testcase name="remove works" classname="built-in passthrough &amp;gt; AppFileSystem" time="0.001194" file="test/filesystem/filesystem.test.ts" line="333" assertions="1" />
      </testsuite>
      <testsuite name="pure helpers" file="test/filesystem/filesystem.test.ts" line="348" tests="3" assertions="8" failures="0" skipped="0" time="0" hostname="WORKPC">
        <testcase name="mimeType returns correct types" classname="pure helpers &amp;gt; AppFileSystem" time="0.000108" file="test/filesystem/filesystem.test.ts" line="349" assertions="3" />
        <testcase name="contains checks path containment" classname="pure helpers &amp;gt; AppFileSystem" time="0.000031" file="test/filesystem/filesystem.test.ts" line="355" assertions="2" />
        <testcase name="overlaps detects overlapping paths" classname="pure helpers &amp;gt; AppFileSystem" time="0.00003" file="test/filesystem/filesystem.test.ts" line="360" assertions="3" />
      </testsuite>
    </testsuite>
  </testsuite>
  <testsuite name="test/github-copilot/convert-to-copilot-messages.test.ts" file="test/github-copilot/convert-to-copilot-messages.test.ts" tests="18" assertions="23" failures="0" skipped="0" time="0" hostname="WORKPC">
    <testsuite name="system messages" file="test/github-copilot/convert-to-copilot-messages.test.ts" line="4" tests="1" assertions="1" failures="0" skipped="0" time="0.003" hostname="WORKPC">
      <testcase name="should convert system message content to string" classname="system messages" time="0.00376" file="test/github-copilot/convert-to-copilot-messages.test.ts" line="5" assertions="1" />
    </testsuite>
    <testsuite name="user messages" file="test/github-copilot/convert-to-copilot-messages.test.ts" line="22" tests="5" assertions="5" failures="0" skipped="0" time="0" hostname="WORKPC">
      <testcase name="should convert messages with only a text part to a string content" classname="user messages" time="0.000116" file="test/github-copilot/convert-to-copilot-messages.test.ts" line="23" assertions="1" />
      <testcase name="should convert messages with image parts" classname="user messages" time="0.000192" file="test/github-copilot/convert-to-copilot-messages.test.ts" line="34" assertions="1" />
      <testcase name="should convert messages with image parts from Uint8Array" classname="user messages" time="0.000128" file="test/github-copilot/convert-to-copilot-messages.test.ts" line="63" assertions="1" />
      <testcase name="should handle URL-based images" classname="user messages" time="0.000038" file="test/github-copilot/convert-to-copilot-messages.test.ts" line="92" assertions="1" />
      <testcase name="should handle multiple text parts without flattening" classname="user messages" time="0.000021" file="test/github-copilot/convert-to-copilot-messages.test.ts" line="119" assertions="1" />
    </testsuite>
    <testsuite name="assistant messages" file="test/github-copilot/convert-to-copilot-messages.test.ts" line="142" tests="3" assertions="3" failures="0" skipped="0" time="0" hostname="WORKPC">
      <testcase name="should convert assistant text messages" classname="assistant messages" time="0.000022" file="test/github-copilot/convert-to-copilot-messages.test.ts" line="143" assertions="1" />
      <testcase name="should handle assistant message with null content when only tool calls" classname="assistant messages" time="0.000051" file="test/github-copilot/convert-to-copilot-messages.test.ts" line="162" assertions="1" />
      <testcase name="should concatenate multiple text parts" classname="assistant messages" time="0.000026" file="test/github-copilot/convert-to-copilot-messages.test.ts" line="197" assertions="1" />
    </testsuite>
    <testsuite name="tool calls" file="test/github-copilot/convert-to-copilot-messages.test.ts" line="212" tests="4" assertions="6" failures="0" skipped="0" time="0" hostname="WORKPC">
      <testcase name="should stringify arguments to tool calls" classname="tool calls" time="0.000056" file="test/github-copilot/convert-to-copilot-messages.test.ts" line="213" assertions="1" />
      <testcase name="should handle text output type in tool results" classname="tool calls" time="0.00002" file="test/github-copilot/convert-to-copilot-messages.test.ts" line="264" assertions="1" />
      <testcase name="should handle multiple tool results as separate messages" classname="tool calls" time="0.000055" file="test/github-copilot/convert-to-copilot-messages.test.ts" line="288" assertions="3" />
      <testcase name="should handle text plus multiple tool calls" classname="tool calls" time="0.0001" file="test/github-copilot/convert-to-copilot-messages.test.ts" line="322" assertions="1" />
    </testsuite>
    <testsuite name="reasoning (copilot-specific)" file="test/github-copilot/convert-to-copilot-messages.test.ts" line="374" tests="4" assertions="4" failures="0" skipped="0" time="0" hostname="WORKPC">
      <testcase name="should omit reasoning_text without reasoning_opaque" classname="reasoning (copilot-specific)" time="0.000036" file="test/github-copilot/convert-to-copilot-messages.test.ts" line="375" assertions="1" />
      <testcase name="should include reasoning_opaque from providerOptions" classname="reasoning (copilot-specific)" time="0.000032" file="test/github-copilot/convert-to-copilot-messages.test.ts" line="397" assertions="1" />
      <testcase name="should include reasoning_opaque from text part providerOptions" classname="reasoning (copilot-specific)" time="0.000034" file="test/github-copilot/convert-to-copilot-messages.test.ts" line="425" assertions="1" />
      <testcase name="should handle reasoning-only assistant message" classname="reasoning (copilot-specific)" time="0.00002" file="test/github-copilot/convert-to-copilot-messages.test.ts" line="452" assertions="1" />
    </testsuite>
    <testsuite name="full conversation" file="test/github-copilot/convert-to-copilot-messages.test.ts" line="480" tests="1" assertions="4" failures="0" skipped="0" time="0" hostname="WORKPC">
      <testcase name="should convert a multi-turn conversation with reasoning" classname="full conversation" time="0.000052" file="test/github-copilot/convert-to-copilot-messages.test.ts" line="481" assertions="4" />
    </testsuite>
  </testsuite>
  <testsuite name="test/github-copilot/copilot-chat-model.test.ts" file="test/github-copilot/copilot-chat-model.test.ts" tests="12" assertions="64" failures="0" skipped="0" time="0.008" hostname="WORKPC">
    <testcase name="createChatModel includes usage tracking in streaming requests" classname="" time="0.008593" file="test/github-copilot/copilot-chat-model.test.ts" line="103" assertions="2" />
    <testsuite name="doStream" file="test/github-copilot/copilot-chat-model.test.ts" line="143" tests="10" assertions="61" failures="0" skipped="0" time="0.02" hostname="WORKPC">
      <testcase name="should stream text deltas" classname="doStream" time="0.004429" file="test/github-copilot/copilot-chat-model.test.ts" line="144" assertions="1" />
      <testcase name="should stream reasoning with tool calls and capture reasoning_opaque" classname="doStream" time="0.003709" file="test/github-copilot/copilot-chat-model.test.ts" line="170" assertions="10" />
      <testcase name="should handle reasoning_opaque that comes at end with text in between" classname="doStream" time="0.002212" file="test/github-copilot/copilot-chat-model.test.ts" line="252" assertions="11" />
      <testcase name="should handle reasoning_opaque and content in the same chunk" classname="doStream" time="0.001882" file="test/github-copilot/copilot-chat-model.test.ts" line="312" assertions="11" />
      <testcase name="should handle reasoning_opaque and content followed by tool calls" classname="doStream" time="0.003277" file="test/github-copilot/copilot-chat-model.test.ts" line="362" assertions="13" />
      <testcase name="should emit reasoning-end before tool-input-start when reasoning goes directly to tool calls" classname="doStream" time="0.00346" file="test/github-copilot/copilot-chat-model.test.ts" line="439" assertions="10" />
      <testcase name="should attach reasoning_opaque to tool calls without reasoning_text" classname="doStream" time="0.001596" file="test/github-copilot/copilot-chat-model.test.ts" line="496" assertions="2" />
      <testcase name="should include response metadata from first chunk" classname="doStream" time="0.00171" file="test/github-copilot/copilot-chat-model.test.ts" line="525" assertions="1" />
      <testcase name="should emit stream-start with warnings" classname="doStream" time="0.001435" file="test/github-copilot/copilot-chat-model.test.ts" line="544" assertions="1" />
      <testcase name="should include raw chunks when requested" classname="doStream" time="0.001031" file="test/github-copilot/copilot-chat-model.test.ts" line="562" assertions="1" />
    </testsuite>
    <testsuite name="request body" file="test/github-copilot/copilot-chat-model.test.ts" line="578" tests="1" assertions="1" failures="0" skipped="0" time="0.001" hostname="WORKPC">
      <testcase name="should send tools in OpenAI format" classname="request body" time="0.001081" file="test/github-copilot/copilot-chat-model.test.ts" line="579" assertions="1" />
    </testsuite>
  </testsuite>
  <testsuite name="test/plugin/provider-alibaba.test.ts" file="test/plugin/provider-alibaba.test.ts" tests="4" assertions="6" failures="0" skipped="0" time="0" hostname="WORKPC">
    <testsuite name="AlibabaPlugin" file="test/plugin/provider-alibaba.test.ts" line="9" tests="4" assertions="6" failures="0" skipped="0" time="0.012" hostname="WORKPC">
      <testcase name="creates an Alibaba SDK for @ai-sdk/alibaba" classname="AlibabaPlugin" time="0.006416" file="test/plugin/provider-alibaba.test.ts" line="10" assertions="1" />
      <testcase name="ignores non-Alibaba SDK packages" classname="AlibabaPlugin" time="0.002278" file="test/plugin/provider-alibaba.test.ts" line="23" assertions="1" />
      <testcase name="matches the old bundled Alibaba SDK provider naming" classname="AlibabaPlugin" time="0.003956" file="test/plugin/provider-alibaba.test.ts" line="36" assertions="2" />
      <testcase name="uses the old default languageModel(apiID) behavior" classname="AlibabaPlugin" time="0.001802" file="test/plugin/provider-alibaba.test.ts" line="56" assertions="2" />
    </testsuite>
  </testsuite>
  <testsuite name="test/plugin/provider-amazon-bedrock.test.ts" file="test/plugin/provider-amazon-bedrock.test.ts" tests="14" assertions="19" failures="0" skipped="0" time="0" hostname="WORKPC">
    <testsuite name="AmazonBedrockPlugin" file="test/plugin/provider-amazon-bedrock.test.ts" line="21" tests="14" assertions="19" failures="0" skipped="0" time="4.437" hostname="WORKPC">
      <testcase name="moves endpoint option to endpoint URL" classname="AmazonBedrockPlugin" time="0.002725" file="test/plugin/provider-amazon-bedrock.test.ts" line="22" assertions="2" />
      <testcase name="prefers endpoint over baseURL for SDK base URL" classname="AmazonBedrockPlugin" time="1.678318" file="test/plugin/provider-amazon-bedrock.test.ts" line="52" assertions="1" />
      <testcase name="uses baseURL as SDK base URL" classname="AmazonBedrockPlugin" time="0.002211" file="test/plugin/provider-amazon-bedrock.test.ts" line="77" assertions="1" />
      <testcase name="creates SDK without explicit credential env so the default AWS chain can resolve credentials" classname="AmazonBedrockPlugin" time="2.725564" file="test/plugin/provider-amazon-bedrock.test.ts" line="101" assertions="2" />
      <testcase name="uses config region over AWS_REGION for SDK base URL" classname="AmazonBedrockPlugin" time="0.001627" file="test/plugin/provider-amazon-bedrock.test.ts" line="131" assertions="1" />
      <testcase name="uses AWS_REGION for SDK base URL when config region is absent" classname="AmazonBedrockPlugin" time="0.001443" file="test/plugin/provider-amazon-bedrock.test.ts" line="150" assertions="1" />
      <testcase name="defaults SDK region to us-east-1" classname="AmazonBedrockPlugin" time="0.001478" file="test/plugin/provider-amazon-bedrock.test.ts" line="169" assertions="1" />
      <testcase name="loads bearer token option into env and uses bearer auth" classname="AmazonBedrockPlugin" time="0.002449" file="test/plugin/provider-amazon-bedrock.test.ts" line="188" assertions="2" />
      <testcase name="prefers bearer token env over bearer token option" classname="AmazonBedrockPlugin" time="0.001404" file="test/plugin/provider-amazon-bedrock.test.ts" line="217" assertions="2" />
      <testcase name="uses SigV4 credential env when bearer token is absent" classname="AmazonBedrockPlugin" time="0.009674" file="test/plugin/provider-amazon-bedrock.test.ts" line="246" assertions="1" />
      <testcase name="applies legacy cross-region inference prefixes" classname="AmazonBedrockPlugin" time="0.002598" file="test/plugin/provider-amazon-bedrock.test.ts" line="286" assertions="1" />
      <testcase name="uses AWS_REGION for language prefixes when region option is absent" classname="AmazonBedrockPlugin" time="0.001279" file="test/plugin/provider-amazon-bedrock.test.ts" line="346" assertions="1" />
      <testcase name="applies the full legacy cross-region prefix matrix" classname="AmazonBedrockPlugin" time="0.010185" file="test/plugin/provider-amazon-bedrock.test.ts" line="366" assertions="1" />
      <testcase name="ignores non-Bedrock providers for language selection" classname="AmazonBedrockPlugin" time="0.002852" file="test/plugin/provider-amazon-bedrock.test.ts" line="452" assertions="2" />
    </testsuite>
  </testsuite>
  <testsuite name="test/plugin/provider-anthropic.test.ts" file="test/plugin/provider-anthropic.test.ts" tests="4" assertions="5" failures="0" skipped="0" time="0" hostname="WORKPC">
    <testsuite name="AnthropicPlugin" file="test/plugin/provider-anthropic.test.ts" line="9" tests="4" assertions="5" failures="0" skipped="0" time="0.058" hostname="WORKPC">
      <testcase name="applies legacy beta headers" classname="AnthropicPlugin" time="0.002357" file="test/plugin/provider-anthropic.test.ts" line="10" assertions="2" />
      <testcase name="ignores non-Anthropic providers" classname="AnthropicPlugin" time="0.001177" file="test/plugin/provider-anthropic.test.ts" line="33" assertions="1" />
      <testcase name="creates Anthropic SDKs with the model provider ID as the SDK name" classname="AnthropicPlugin" time="0.054534" file="test/plugin/provider-anthropic.test.ts" line="44" assertions="1" />
      <testcase name="uses the Anthropic provider ID as the SDK name for the bundled Anthropic provider" classname="AnthropicPlugin" time="0.001862" file="test/plugin/provider-anthropic.test.ts" line="71" assertions="1" />
    </testsuite>
  </testsuite>
  <testsuite name="test/plugin/provider-azure-cognitive-services.test.ts" file="test/plugin/provider-azure-cognitive-services.test.ts" tests="5" assertions="11" failures="0" skipped="0" time="0" hostname="WORKPC">
    <testsuite name="AzureCognitiveServicesPlugin" file="test/plugin/provider-azure-cognitive-services.test.ts" line="9" tests="5" assertions="11" failures="0" skipped="0" time="0.006" hostname="WORKPC">
      <testcase name="maps the resource env var to the Azure SDK baseURL" classname="AzureCognitiveServicesPlugin" time="0.001907" file="test/plugin/provider-azure-cognitive-services.test.ts" line="10" assertions="3" />
      <testcase name="leaves baseURL unset without resource env and ignores other providers" classname="AzureCognitiveServicesPlugin" time="0.00262" file="test/plugin/provider-azure-cognitive-services.test.ts" line="34" assertions="4" />
      <testcase name="selects chat only for completion URLs" classname="AzureCognitiveServicesPlugin" time="0.001971" file="test/plugin/provider-azure-cognitive-services.test.ts" line="63" assertions="1" />
      <testcase name="uses the legacy Azure selector order and provider guard" classname="AzureCognitiveServicesPlugin" time="0.001768" file="test/plugin/provider-azure-cognitive-services.test.ts" line="81" assertions="2" />
      <testcase name="falls back from responses to messages, chat, then languageModel" classname="AzureCognitiveServicesPlugin" time="0.001441" file="test/plugin/provider-azure-cognitive-services.test.ts" line="101" assertions="1" />
    </testsuite>
  </testsuite>
  <testsuite name="test/plugin/provider-azure.test.ts" file="test/plugin/provider-azure.test.ts" tests="12" assertions="14" failures="0" skipped="0" time="0" hostname="WORKPC">
    <testsuite name="AzurePlugin" file="test/plugin/provider-azure.test.ts" line="24" tests="12" assertions="14" failures="0" skipped="0" time="0.06" hostname="WORKPC">
      <testcase name="resolves resourceName from env" classname="AzurePlugin" time="0.001862" file="test/plugin/provider-azure.test.ts" line="25" assertions="1" />
      <testcase name="keeps explicit resourceName over env and ignores other providers" classname="AzurePlugin" time="0.002007" file="test/plugin/provider-azure.test.ts" line="42" assertions="2" />
      <testcase name="prefers account resourceName over env" classname="AzurePlugin" time="0.005733" file="test/plugin/provider-azure.test.ts" line="68" assertions="1" />
      <testcase name="falls back to env when configured resourceName is blank" classname="AzurePlugin" time="0.00174" file="test/plugin/provider-azure.test.ts" line="110" assertions="1" />
      <testcase name="falls back to env when configured resourceName is whitespace" classname="AzurePlugin" time="0.001437" file="test/plugin/provider-azure.test.ts" line="132" assertions="1" />
      <testcase name="allows configured baseURL without resourceName" classname="AzurePlugin" time="0.045755" file="test/plugin/provider-azure.test.ts" line="154" assertions="1" />
      <testcase name="rejects missing resourceName when baseURL is not configured" classname="AzurePlugin" time="0.001359" file="test/plugin/provider-azure.test.ts" line="173" assertions="1" />
      <testcase name="selects chat only for completion URLs" classname="AzurePlugin" time="0.000909" file="test/plugin/provider-azure.test.ts" line="190" assertions="1" />
      <testcase name="selects chat from per-call useCompletionUrls" classname="AzurePlugin" time="0.000816" file="test/plugin/provider-azure.test.ts" line="204" assertions="1" />
      <testcase name="ignores model useCompletionUrls when per-call option is unset" classname="AzurePlugin" time="0.001047" file="test/plugin/provider-azure.test.ts" line="218" assertions="1" />
      <testcase name="uses the legacy Azure selector order and provider guard" classname="AzurePlugin" time="0.002599" file="test/plugin/provider-azure.test.ts" line="238" assertions="2" />
      <testcase name="falls back through the legacy Azure selector order" classname="AzurePlugin" time="0.001685" file="test/plugin/provider-azure.test.ts" line="258" assertions="1" />
    </testsuite>
  </testsuite>
  <testsuite name="test/plugin/provider-cerebras.test.ts" file="test/plugin/provider-cerebras.test.ts" tests="5" assertions="7" failures="0" skipped="0" time="0" hostname="WORKPC">
    <testsuite name="CerebrasPlugin" file="test/plugin/provider-cerebras.test.ts" line="21" tests="5" assertions="7" failures="0" skipped="0" time="0.004" hostname="WORKPC">
      <testcase name="applies the legacy integration header" classname="CerebrasPlugin" time="0.002241" file="test/plugin/provider-cerebras.test.ts" line="22" assertions="1" />
      <testcase name="ignores non-Cerebras providers" classname="CerebrasPlugin" time="0.00107" file="test/plugin/provider-cerebras.test.ts" line="41" assertions="1" />
      <testcase name="creates a bundled Cerebras SDK with the model provider ID as the SDK name" classname="CerebrasPlugin" time="0.001153" file="test/plugin/provider-cerebras.test.ts" line="52" assertions="2" />
      <testcase name="preserves an explicit bundled Cerebras SDK name option" classname="CerebrasPlugin" time="0.000859" file="test/plugin/provider-cerebras.test.ts" line="71" assertions="1" />
      <testcase name="ignores non-Cerebras SDK packages" classname="CerebrasPlugin" time="0.000857" file="test/plugin/provider-cerebras.test.ts" line="89" assertions="2" />
    </testsuite>
  </testsuite>
  <testsuite name="test/plugin/provider-cloudflare-ai-gateway.test.ts" file="test/plugin/provider-cloudflare-ai-gateway.test.ts" tests="11" assertions="18" failures="0" skipped="0" time="0" hostname="WORKPC">
    <testsuite name="CloudflareAIGatewayPlugin" file="test/plugin/provider-cloudflare-ai-gateway.test.ts" line="69" tests="11" assertions="18" failures="0" skipped="0" time="0.003" hostname="WORKPC">
      <testcase name="requires account, gateway, and token before creating the unified SDK" classname="CloudflareAIGatewayPlugin" time="0.001982" file="test/plugin/provider-cloudflare-ai-gateway.test.ts" line="70" assertions="1" />
      <testcase name="passes legacy metadata, cache, log, and User-Agent values under the AI Gateway options key" classname="CloudflareAIGatewayPlugin" time="0.001088" file="test/plugin/provider-cloudflare-ai-gateway.test.ts" line="96" assertions="2" />
      <testcase name="parses legacy cf-aig-metadata header when metadata option is absent" classname="CloudflareAIGatewayPlugin" time="0.001227" file="test/plugin/provider-cloudflare-ai-gateway.test.ts" line="140" assertions="1" />
      <testcase name="prefers Cloudflare env values over auth/config-derived options" classname="CloudflareAIGatewayPlugin" time="0.000836" file="test/plugin/provider-cloudflare-ai-gateway.test.ts" line="169" assertions="1" />
      <testcase name="accepts gatewayId metadata copied from auth into provider options" classname="CloudflareAIGatewayPlugin" time="0.000983" file="test/plugin/provider-cloudflare-ai-gateway.test.ts" line="200" assertions="1" />
      <testcase name="falls back to CF_AIG_TOKEN when CLOUDFLARE_API_TOKEN is unset" classname="CloudflareAIGatewayPlugin" time="0.000798" file="test/plugin/provider-cloudflare-ai-gateway.test.ts" line="237" assertions="1" />
      <testcase name="does not create an SDK when account and gateway IDs are missing" classname="CloudflareAIGatewayPlugin" time="0.000827" file="test/plugin/provider-cloudflare-ai-gateway.test.ts" line="259" assertions="2" />
      <testcase name="does not create an SDK when the token is missing" classname="CloudflareAIGatewayPlugin" time="0.000886" file="test/plugin/provider-cloudflare-ai-gateway.test.ts" line="282" assertions="2" />
      <testcase name="does not replace a configured baseURL with the Cloudflare AI Gateway SDK" classname="CloudflareAIGatewayPlugin" time="0.000844" file="test/plugin/provider-cloudflare-ai-gateway.test.ts" line="305" assertions="2" />
      <testcase name="maps provider/model IDs through the unified Cloudflare provider unchanged" classname="CloudflareAIGatewayPlugin" time="0.000979" file="test/plugin/provider-cloudflare-ai-gateway.test.ts" line="334" assertions="3" />
      <testcase name="ignores non Cloudflare AI Gateway packages" classname="CloudflareAIGatewayPlugin" time="0.000967" file="test/plugin/provider-cloudflare-ai-gateway.test.ts" line="362" assertions="2" />
    </testsuite>
  </testsuite>
  <testsuite name="test/plugin/provider-cloudflare-workers-ai.test.ts" file="test/plugin/provider-cloudflare-workers-ai.test.ts" tests="9" assertions="13" failures="0" skipped="0" time="0" hostname="WORKPC">
    <testsuite name="CloudflareWorkersAIPlugin" file="test/plugin/provider-cloudflare-workers-ai.test.ts" line="44" tests="9" assertions="13" failures="0" skipped="0" time="0.068" hostname="WORKPC">
      <testcase name="maps account ID to endpoint URL and creates an OpenAI-compatible SDK" classname="CloudflareWorkersAIPlugin" time="0.035337" file="test/plugin/provider-cloudflare-workers-ai.test.ts" line="45" assertions="2" />
      <testcase name="preserves a configured endpoint URL instead of deriving one from account ID" classname="CloudflareWorkersAIPlugin" time="0.002033" file="test/plugin/provider-cloudflare-workers-ai.test.ts" line="77" assertions="1" />
      <testcase name="allows a configured baseURL without account ID" classname="CloudflareWorkersAIPlugin" time="0.001753" file="test/plugin/provider-cloudflare-workers-ai.test.ts" line="98" assertions="1" />
      <testcase name="falls back to account metadata when account env is absent" classname="CloudflareWorkersAIPlugin" time="0.018473" file="test/plugin/provider-cloudflare-workers-ai.test.ts" line="119" assertions="1" />
      <testcase name="uses env account ID over configured account ID" classname="CloudflareWorkersAIPlugin" time="0.007178" file="test/plugin/provider-cloudflare-workers-ai.test.ts" line="164" assertions="1" />
      <testcase name="uses env API key over auth or configured API key and keeps the Cloudflare User-Agent" classname="CloudflareWorkersAIPlugin" time="0.002298" file="test/plugin/provider-cloudflare-workers-ai.test.ts" line="186" assertions="3" />
      <testcase name="expands account ID vars in endpoint URLs" classname="CloudflareWorkersAIPlugin" time="0.001467" file="test/plugin/provider-cloudflare-workers-ai.test.ts" line="215" assertions="1" />
      <testcase name="selects languageModel with the API model ID" classname="CloudflareWorkersAIPlugin" time="0.00133" file="test/plugin/provider-cloudflare-workers-ai.test.ts" line="245" assertions="2" />
      <testcase name="does not create an SDK for non OpenAI-compatible packages" classname="CloudflareWorkersAIPlugin" time="0.00114" file="test/plugin/provider-cloudflare-workers-ai.test.ts" line="264" assertions="1" />
    </testsuite>
  </testsuite>
  <testsuite name="test/plugin/provider-cohere.test.ts" file="test/plugin/provider-cohere.test.ts" tests="3" assertions="8" failures="0" skipped="0" time="0" hostname="WORKPC">
    <testsuite name="CoherePlugin" file="test/plugin/provider-cohere.test.ts" line="23" tests="3" assertions="8" failures="0" skipped="0" time="0.004" hostname="WORKPC">
      <testcase name="creates a Cohere SDK only for @ai-sdk/cohere" classname="CoherePlugin" time="0.002548" file="test/plugin/provider-cohere.test.ts" line="24" assertions="2" />
      <testcase name="uses the model provider ID as the bundled SDK name" classname="CoherePlugin" time="0.0013" file="test/plugin/provider-cohere.test.ts" line="45" assertions="2" />
      <testcase name="leaves language selection to the default languageModel fallback" classname="CoherePlugin" time="0.001213" file="test/plugin/provider-cohere.test.ts" line="68" assertions="4" />
    </testsuite>
  </testsuite>
  <testsuite name="test/plugin/provider-deepinfra.test.ts" file="test/plugin/provider-deepinfra.test.ts" tests="5" assertions="12" failures="0" skipped="0" time="0" hostname="WORKPC">
    <testsuite name="DeepInfraPlugin" file="test/plugin/provider-deepinfra.test.ts" line="31" tests="5" assertions="12" failures="0" skipped="0" time="0.015" hostname="WORKPC">
      <testcase name="creates a DeepInfra SDK for @ai-sdk/deepinfra" classname="DeepInfraPlugin" time="0.002446" file="test/plugin/provider-deepinfra.test.ts" line="32" assertions="1" />
      <testcase name="passes the model provider ID as the bundled DeepInfra SDK name" classname="DeepInfraPlugin" time="0.001258" file="test/plugin/provider-deepinfra.test.ts" line="46" assertions="2" />
      <testcase name="uses the canonical provider ID as the bundled DeepInfra SDK name" classname="DeepInfraPlugin" time="0.001109" file="test/plugin/provider-deepinfra.test.ts" line="65" assertions="2" />
      <testcase name="matches only the exact bundled DeepInfra package" classname="DeepInfraPlugin" time="0.001634" file="test/plugin/provider-deepinfra.test.ts" line="84" assertions="5" />
      <testcase name="uses the default languageModel selection for DeepInfra models" classname="DeepInfraPlugin" time="0.010053" file="test/plugin/provider-deepinfra.test.ts" line="114" assertions="2" />
    </testsuite>
  </testsuite>
  <testsuite name="test/plugin/provider-dynamic.test.ts" file="test/plugin/provider-dynamic.test.ts" tests="8" assertions="12" failures="0" skipped="0" time="0" hostname="WORKPC">
    <testsuite name="DynamicProviderPlugin" file="test/plugin/provider-dynamic.test.ts" line="45" tests="8" assertions="12" failures="0" skipped="0" time="0.014" hostname="WORKPC">
      <testcase name="creates an SDK from a provider factory export" classname="DynamicProviderPlugin" time="0.00333" file="test/plugin/provider-dynamic.test.ts" line="46" assertions="2" />
      <testcase name="does not override an SDK already supplied by an earlier plugin" classname="DynamicProviderPlugin" time="0.001047" file="test/plugin/provider-dynamic.test.ts" line="64" assertions="1" />
      <testcase name="injects the provider ID as the SDK factory name" classname="DynamicProviderPlugin" time="0.000704" file="test/plugin/provider-dynamic.test.ts" line="82" assertions="1" />
      <testcase name="loads npm packages through their resolved import entrypoint" classname="DynamicProviderPlugin" time="0.000898" file="test/plugin/provider-dynamic.test.ts" line="99" assertions="1" />
      <testcase name="wraps missing npm entrypoint failures as AISDK init errors" classname="DynamicProviderPlugin" time="0.002008" file="test/plugin/provider-dynamic.test.ts" line="116" assertions="2" />
      <testcase name="wraps dynamic import failures as AISDK init errors" classname="DynamicProviderPlugin" time="0.001402" file="test/plugin/provider-dynamic.test.ts" line="129" assertions="2" />
      <testcase name="wraps missing provider factory exports as AISDK init errors" classname="DynamicProviderPlugin" time="0.007349" file="test/plugin/provider-dynamic.test.ts" line="144" assertions="2" />
      <testcase name="uses the model apiID for the default language model" classname="DynamicProviderPlugin" time="0.000808" file="test/plugin/provider-dynamic.test.ts" line="158" assertions="1" />
    </testsuite>
  </testsuite>
  <testsuite name="test/plugin/provider-gateway.test.ts" file="test/plugin/provider-gateway.test.ts" tests="3" assertions="11" failures="0" skipped="0" time="0" hostname="WORKPC">
    <testsuite name="GatewayPlugin" file="test/plugin/provider-gateway.test.ts" line="25" tests="3" assertions="11" failures="0" skipped="0" time="0.002" hostname="WORKPC">
      <testcase name="creates a Gateway SDK for @ai-sdk/gateway" classname="GatewayPlugin" time="0.001296" file="test/plugin/provider-gateway.test.ts" line="26" assertions="2" />
      <testcase name="passes the model providerID as the Gateway SDK name" classname="GatewayPlugin" time="0.000873" file="test/plugin/provider-gateway.test.ts" line="41" assertions="2" />
      <testcase name="matches Vercel AI Gateway models by their @ai-sdk/gateway package" classname="GatewayPlugin" time="0.001284" file="test/plugin/provider-gateway.test.ts" line="62" assertions="7" />
    </testsuite>
  </testsuite>
  <testsuite name="test/plugin/provider-github-copilot.test.ts" file="test/plugin/provider-github-copilot.test.ts" tests="8" assertions="10" failures="0" skipped="0" time="0" hostname="WORKPC">
    <testsuite name="GithubCopilotPlugin" file="test/plugin/provider-github-copilot.test.ts" line="10" tests="8" assertions="10" failures="0" skipped="0" time="0.027" hostname="WORKPC">
      <testcase name="creates the bundled Copilot SDK for the GitHub Copilot package" classname="GithubCopilotPlugin" time="0.020386" file="test/plugin/provider-github-copilot.test.ts" line="11" assertions="2" />
      <testcase name="selects languageModel when responses and chat are absent" classname="GithubCopilotPlugin" time="0.001349" file="test/plugin/provider-github-copilot.test.ts" line="38" assertions="1" />
      <testcase name="selects languageModel with the API model ID when responses and chat are absent" classname="GithubCopilotPlugin" time="0.000985" file="test/plugin/provider-github-copilot.test.ts" line="56" assertions="1" />
      <testcase name="uses responses for gpt-5 models except gpt-5-mini" classname="GithubCopilotPlugin" time="0.002362" file="test/plugin/provider-github-copilot.test.ts" line="74" assertions="1" />
      <testcase name="uses the API model ID when selecting responses or chat" classname="GithubCopilotPlugin" time="0.001511" file="test/plugin/provider-github-copilot.test.ts" line="114" assertions="1" />
      <testcase name="disables gpt-5-chat-latest before Copilot language selection" classname="GithubCopilotPlugin" time="0.002192" file="test/plugin/provider-github-copilot.test.ts" line="150" assertions="1" />
      <testcase name="does not disable gpt-5-chat-latest for non-Copilot providers" classname="GithubCopilotPlugin" time="0.001488" file="test/plugin/provider-github-copilot.test.ts" line="166" assertions="1" />
      <testcase name="ignores non-Copilot providers" classname="GithubCopilotPlugin" time="0.00088" file="test/plugin/provider-github-copilot.test.ts" line="182" assertions="2" />
    </testsuite>
  </testsuite>
  <testsuite name="test/plugin/provider-gitlab.test.ts" file="test/plugin/provider-gitlab.test.ts" tests="10" assertions="21" failures="0" skipped="0" time="0" hostname="WORKPC">
    <testsuite name="GitLabPlugin" file="test/plugin/provider-gitlab.test.ts" line="39" tests="10" assertions="21" failures="0" skipped="0" time="0.014" hostname="WORKPC">
      <testcase name="creates SDKs with legacy default instance URL, token env, headers, and feature flags" classname="GitLabPlugin" time="0.001671" file="test/plugin/provider-gitlab.test.ts" line="40" assertions="6" />
      <testcase name="uses GITLAB_INSTANCE_URL when instanceUrl is not configured" classname="GitLabPlugin" time="0.00106" file="test/plugin/provider-gitlab.test.ts" line="73" assertions="1" />
      <testcase name="keeps configured instance URL, apiKey, aiGatewayHeaders, and featureFlags over env/defaults" classname="GitLabPlugin" time="0.00103" file="test/plugin/provider-gitlab.test.ts" line="94" assertions="4" />
      <testcase name="ignores non-GitLab SDK packages" classname="GitLabPlugin" time="0.000773" file="test/plugin/provider-gitlab.test.ts" line="141" assertions="2" />
      <testcase name="uses active account API token over GITLAB_TOKEN" classname="GitLabPlugin" time="0.007751" file="test/plugin/provider-gitlab.test.ts" line="156" assertions="1" />
      <testcase name="uses active account OAuth access token when no API token exists" classname="GitLabPlugin" time="0.003983" file="test/plugin/provider-gitlab.test.ts" line="199" assertions="1" />
      <testcase name="uses workflowChat for duo workflow models and preserves selectedModelRef" classname="GitLabPlugin" time="0.0015" file="test/plugin/provider-gitlab.test.ts" line="247" assertions="2" />
      <testcase name="uses exact static workflow model ids when the provider recognizes them" classname="GitLabPlugin" time="0.000948" file="test/plugin/provider-gitlab.test.ts" line="284" assertions="2" />
      <testcase name="uses provider feature flags instead of request feature flags" classname="GitLabPlugin" time="0.000868" file="test/plugin/provider-gitlab.test.ts" line="311" assertions="1" />
      <testcase name="uses agenticChat with provider aiGatewayHeaders and feature flags for normal models" classname="GitLabPlugin" time="0.000689" file="test/plugin/provider-gitlab.test.ts" line="341" assertions="1" />
    </testsuite>
  </testsuite>
  <testsuite name="test/plugin/provider-google-vertex-anthropic.test.ts" file="test/plugin/provider-google-vertex-anthropic.test.ts" tests="9" assertions="13" failures="0" skipped="0" time="0" hostname="WORKPC">
    <testsuite name="GoogleVertexAnthropicPlugin" file="test/plugin/provider-google-vertex-anthropic.test.ts" line="9" tests="9" assertions="13" failures="0" skipped="0" time="0.301" hostname="WORKPC">
      <testcase name="resolves legacy project and location env on provider update" classname="GoogleVertexAnthropicPlugin" time="0.00184" file="test/plugin/provider-google-vertex-anthropic.test.ts" line="10" assertions="2" />
      <testcase name="keeps configured project and location over env fallback" classname="GoogleVertexAnthropicPlugin" time="0.001235" file="test/plugin/provider-google-vertex-anthropic.test.ts" line="38" assertions="2" />
      <testcase name="creates SDKs from legacy env fallback and default location" classname="GoogleVertexAnthropicPlugin" time="0.291256" file="test/plugin/provider-google-vertex-anthropic.test.ts" line="59" assertions="1" />
      <testcase name="uses GOOGLE_CLOUD_LOCATION before VERTEX_LOCATION when creating SDKs" classname="GoogleVertexAnthropicPlugin" time="0.002134" file="test/plugin/provider-google-vertex-anthropic.test.ts" line="89" assertions="1" />
      <testcase name="creates SDKs for google-vertex Anthropic models with multi-region endpoints" classname="GoogleVertexAnthropicPlugin" time="0.001502" file="test/plugin/provider-google-vertex-anthropic.test.ts" line="112" assertions="1" />
      <testcase name="keeps configured baseURL for google-vertex Anthropic models" classname="GoogleVertexAnthropicPlugin" time="0.00138" file="test/plugin/provider-google-vertex-anthropic.test.ts" line="131" assertions="1" />
      <testcase name="selects google-vertex Anthropic language models through V2 plugins" classname="GoogleVertexAnthropicPlugin" time="0.002538" file="test/plugin/provider-google-vertex-anthropic.test.ts" line="148" assertions="2" />
      <testcase name="trims model IDs before selecting language models" classname="GoogleVertexAnthropicPlugin" time="0.001129" file="test/plugin/provider-google-vertex-anthropic.test.ts" line="179" assertions="1" />
      <testcase name="ignores non Vertex Anthropic providers for language selection" classname="GoogleVertexAnthropicPlugin" time="0.001749" file="test/plugin/provider-google-vertex-anthropic.test.ts" line="197" assertions="2" />
    </testsuite>
  </testsuite>
  <testsuite name="test/plugin/provider-google-vertex.test.ts" file="test/plugin/provider-google-vertex.test.ts" tests="8" assertions="23" failures="0" skipped="0" time="0" hostname="WORKPC">
    <testsuite name="GoogleVertexPlugin" file="test/plugin/provider-google-vertex.test.ts" line="34" tests="8" assertions="23" failures="0" skipped="0" time="0.011" hostname="WORKPC">
      <testcase name="resolves project and location from env using legacy precedence" classname="GoogleVertexPlugin" time="0.00262" file="test/plugin/provider-google-vertex.test.ts" line="35" assertions="3" />
      <testcase name="resolves the advertised GOOGLE_VERTEX_PROJECT env for provider updates and SDKs" classname="GoogleVertexPlugin" time="0.002544" file="test/plugin/provider-google-vertex.test.ts" line="72" assertions="4" />
      <testcase name="keeps configured project and location over env and uses global endpoint" classname="GoogleVertexPlugin" time="0.001671" file="test/plugin/provider-google-vertex.test.ts" line="124" assertions="3" />
      <testcase name="keeps OpenAI-compatible Vertex endpoint templates regional for eu" classname="GoogleVertexPlugin" time="0.00158" file="test/plugin/provider-google-vertex.test.ts" line="163" assertions="1" />
      <testcase name="defaults location to us-central1 when only project is configured" classname="GoogleVertexPlugin" time="0.001581" file="test/plugin/provider-google-vertex.test.ts" line="189" assertions="2" />
      <testcase name="does not pass Google auth fetch to the native Vertex SDK" classname="GoogleVertexPlugin" time="0.001277" file="test/plugin/provider-google-vertex.test.ts" line="218" assertions="4" />
      <testcase name="keeps Google auth fetch for OpenAI-compatible Vertex endpoints" classname="GoogleVertexPlugin" time="0.00215" file="test/plugin/provider-google-vertex.test.ts" line="248" assertions="5" />
      <testcase name="trims model IDs before selecting language models" classname="GoogleVertexPlugin" time="0.001044" file="test/plugin/provider-google-vertex.test.ts" line="301" assertions="1" />
    </testsuite>
  </testsuite>
  <testsuite name="test/plugin/provider-google.test.ts" file="test/plugin/provider-google.test.ts" tests="3" assertions="5" failures="0" skipped="0" time="0" hostname="WORKPC">
    <testsuite name="GooglePlugin" file="test/plugin/provider-google.test.ts" line="12" tests="3" assertions="5" failures="0" skipped="0" time="0.037" hostname="WORKPC">
      <testcase name="creates a Google Generative AI SDK for @ai-sdk/google using the provider ID as SDK name" classname="GooglePlugin" time="0.035102" file="test/plugin/provider-google.test.ts" line="13" assertions="2" />
      <testcase name="ignores non-Google SDK packages" classname="GooglePlugin" time="0.001309" file="test/plugin/provider-google.test.ts" line="31" assertions="1" />
      <testcase name="uses default languageModel loading with provider ID parity" classname="GooglePlugin" time="0.001" file="test/plugin/provider-google.test.ts" line="44" assertions="2" />
    </testsuite>
  </testsuite>
  <testsuite name="test/plugin/provider-groq.test.ts" file="test/plugin/provider-groq.test.ts" tests="5" assertions="7" failures="0" skipped="0" time="0" hostname="WORKPC">
    <testsuite name="GroqPlugin" file="test/plugin/provider-groq.test.ts" line="13" tests="5" assertions="7" failures="0" skipped="0" time="0.01" hostname="WORKPC">
      <testcase name="creates a Groq SDK for @ai-sdk/groq" classname="GroqPlugin" time="0.006214" file="test/plugin/provider-groq.test.ts" line="14" assertions="1" />
      <testcase name="ignores non-Groq SDK packages" classname="GroqPlugin" time="0.001049" file="test/plugin/provider-groq.test.ts" line="27" assertions="1" />
      <testcase name="only matches the bundled @ai-sdk/groq package exactly" classname="GroqPlugin" time="0.001037" file="test/plugin/provider-groq.test.ts" line="40" assertions="1" />
      <testcase name="matches the old bundled Groq SDK provider naming" classname="GroqPlugin" time="0.001466" file="test/plugin/provider-groq.test.ts" line="53" assertions="2" />
      <testcase name="uses the default languageModel(apiID) behavior" classname="GroqPlugin" time="0.001104" file="test/plugin/provider-groq.test.ts" line="75" assertions="2" />
    </testsuite>
  </testsuite>
  <testsuite name="test/plugin/provider-kilo.test.ts" file="test/plugin/provider-kilo.test.ts" tests="4" assertions="9" failures="0" skipped="0" time="0" hostname="WORKPC">
    <testsuite name="KiloPlugin" file="test/plugin/provider-kilo.test.ts" line="10" tests="4" assertions="9" failures="0" skipped="0" time="0.007" hostname="WORKPC">
      <testcase name="is registered so legacy referer headers can be applied" classname="KiloPlugin" time="0.00122" file="test/plugin/provider-kilo.test.ts" line="11" assertions="1" />
      <testcase name="applies legacy referer headers only to kilo" classname="KiloPlugin" time="0.003089" file="test/plugin/provider-kilo.test.ts" line="20" assertions="2" />
      <testcase name="uses the exact legacy Kilo header casing and set" classname="KiloPlugin" time="0.001972" file="test/plugin/provider-kilo.test.ts" line="46" assertions="4" />
      <testcase name="uses the legacy provider-id guard instead of endpoint package matching" classname="KiloPlugin" time="0.002261" file="test/plugin/provider-kilo.test.ts" line="72" assertions="2" />
    </testsuite>
  </testsuite>
  <testsuite name="test/plugin/provider-llmgateway.test.ts" file="test/plugin/provider-llmgateway.test.ts" tests="3" assertions="5" failures="0" skipped="0" time="0" hostname="WORKPC">
    <testsuite name="LLMGatewayPlugin" file="test/plugin/provider-llmgateway.test.ts" line="10" tests="3" assertions="5" failures="0" skipped="0" time="0.006" hostname="WORKPC">
      <testcase name="is registered so legacy referer headers can be applied" classname="LLMGatewayPlugin" time="0.001177" file="test/plugin/provider-llmgateway.test.ts" line="11" assertions="1" />
      <testcase name="applies legacy referer headers only to enabled llmgateway" classname="LLMGatewayPlugin" time="0.003514" file="test/plugin/provider-llmgateway.test.ts" line="20" assertions="2" />
      <testcase name="does not apply legacy headers to a disabled llmgateway provider" classname="LLMGatewayPlugin" time="0.002578" file="test/plugin/provider-llmgateway.test.ts" line="54" assertions="2" />
    </testsuite>
  </testsuite>
  <testsuite name="test/plugin/provider-mistral.test.ts" file="test/plugin/provider-mistral.test.ts" tests="5" assertions="7" failures="0" skipped="0" time="0" hostname="WORKPC">
    <testsuite name="MistralPlugin" file="test/plugin/provider-mistral.test.ts" line="8" tests="5" assertions="7" failures="0" skipped="0" time="0.035" hostname="WORKPC">
      <testcase name="creates a Mistral SDK for @ai-sdk/mistral" classname="MistralPlugin" time="0.032949" file="test/plugin/provider-mistral.test.ts" line="9" assertions="1" />
      <testcase name="ignores non-Mistral SDK packages" classname="MistralPlugin" time="0.001396" file="test/plugin/provider-mistral.test.ts" line="22" assertions="1" />
      <testcase name="matches the old bundled Mistral SDK provider name for the bundled provider ID" classname="MistralPlugin" time="0.001527" file="test/plugin/provider-mistral.test.ts" line="39" assertions="2" />
      <testcase name="matches the old bundled Mistral SDK provider name for custom provider IDs" classname="MistralPlugin" time="0.001282" file="test/plugin/provider-mistral.test.ts" line="63" assertions="1" />
      <testcase name="leaves Mistral language selection on the default sdk.languageModel(apiID) path" classname="MistralPlugin" time="0.000912" file="test/plugin/provider-mistral.test.ts" line="90" assertions="2" />
    </testsuite>
  </testsuite>
  <testsuite name="test/plugin/provider-nvidia.test.ts" file="test/plugin/provider-nvidia.test.ts" tests="4" assertions="5" failures="0" skipped="0" time="0" hostname="WORKPC">
    <testsuite name="NvidiaPlugin" file="test/plugin/provider-nvidia.test.ts" line="10" tests="4" assertions="5" failures="0" skipped="0" time="0.01" hostname="WORKPC">
      <testcase name="is registered so legacy referer headers can be applied" classname="NvidiaPlugin" time="0.005937" file="test/plugin/provider-nvidia.test.ts" line="11" assertions="1" />
      <testcase name="applies NVIDIA tracking headers only to nvidia" classname="NvidiaPlugin" time="0.00364" file="test/plugin/provider-nvidia.test.ts" line="20" assertions="2" />
      <testcase name="adds billing origin for custom NVIDIA endpoints" classname="NvidiaPlugin" time="0.001863" file="test/plugin/provider-nvidia.test.ts" line="47" assertions="1" />
      <testcase name="preserves an explicit NVIDIA billing origin header" classname="NvidiaPlugin" time="0.001523" file="test/plugin/provider-nvidia.test.ts" line="72" assertions="1" />
    </testsuite>
  </testsuite>
  <testsuite name="test/plugin/provider-openai-compatible.test.ts" file="test/plugin/provider-openai-compatible.test.ts" tests="4" assertions="5" failures="0" skipped="0" time="0" hostname="WORKPC">
    <testsuite name="OpenAICompatiblePlugin" file="test/plugin/provider-openai-compatible.test.ts" line="7" tests="4" assertions="5" failures="0" skipped="0" time="0.005" hostname="WORKPC">
      <testcase name="preserves explicit includeUsage false and defaults it to true" classname="OpenAICompatiblePlugin" time="0.002175" file="test/plugin/provider-openai-compatible.test.ts" line="8" assertions="2" />
      <testcase name="defaults includeUsage for OpenAI-compatible package matches" classname="OpenAICompatiblePlugin" time="0.001075" file="test/plugin/provider-openai-compatible.test.ts" line="31" assertions="1" />
      <testcase name="uses the provider ID as the OpenAI-compatible provider name" classname="OpenAICompatiblePlugin" time="0.001726" file="test/plugin/provider-openai-compatible.test.ts" line="48" assertions="1" />
      <testcase name="does not overwrite an SDK created by an earlier provider-specific plugin" classname="OpenAICompatiblePlugin" time="0.001276" file="test/plugin/provider-openai-compatible.test.ts" line="75" assertions="1" />
    </testsuite>
  </testsuite>
  <testsuite name="test/plugin/provider-openai.test.ts" file="test/plugin/provider-openai.test.ts" tests="6" assertions="9" failures="0" skipped="0" time="0" hostname="WORKPC">
    <testsuite name="OpenAIPlugin" file="test/plugin/provider-openai.test.ts" line="10" tests="6" assertions="9" failures="0" skipped="0" time="0.049" hostname="WORKPC">
      <testcase name="creates an OpenAI SDK for @ai-sdk/openai using the provider ID as SDK name" classname="OpenAIPlugin" time="0.040531" file="test/plugin/provider-openai.test.ts" line="11" assertions="1" />
      <testcase name="ignores non-OpenAI SDK packages" classname="OpenAIPlugin" time="0.001355" file="test/plugin/provider-openai.test.ts" line="28" assertions="1" />
      <testcase name="uses the Responses API for language models" classname="OpenAIPlugin" time="0.00117" file="test/plugin/provider-openai.test.ts" line="41" assertions="2" />
      <testcase name="ignores non-OpenAI providers" classname="OpenAIPlugin" time="0.001206" file="test/plugin/provider-openai.test.ts" line="60" assertions="2" />
      <testcase name="disables gpt-5-chat-latest during catalog transforms" classname="OpenAIPlugin" time="0.004578" file="test/plugin/provider-openai.test.ts" line="75" assertions="2" />
      <testcase name="does not disable gpt-5-chat-latest for non-OpenAI providers" classname="OpenAIPlugin" time="0.002773" file="test/plugin/provider-openai.test.ts" line="94" assertions="1" />
    </testsuite>
  </testsuite>
  <testsuite name="test/plugin/provider-opencode.test.ts" file="test/plugin/provider-opencode.test.ts" tests="9" assertions="17" failures="0" skipped="0" time="0" hostname="WORKPC">
    <testsuite name="OpencodePlugin" file="test/plugin/provider-opencode.test.ts" line="14" tests="9" assertions="17" failures="0" skipped="0" time="0.021" hostname="WORKPC">
      <testcase name="uses a public key and disables paid models without credentials" classname="OpencodePlugin" time="0.003254" file="test/plugin/provider-opencode.test.ts" line="15" assertions="2" />
      <testcase name="keeps free models without credentials" classname="OpencodePlugin" time="0.002171" file="test/plugin/provider-opencode.test.ts" line="36" assertions="2" />
      <testcase name="treats output-only cost as free without credentials" classname="OpencodePlugin" time="0.002461" file="test/plugin/provider-opencode.test.ts" line="57" assertions="2" />
      <testcase name="uses OPENCODE_API_KEY as credentials" classname="OpencodePlugin" time="0.002434" file="test/plugin/provider-opencode.test.ts" line="78" assertions="2" />
      <testcase name="uses configured provider env vars as credentials" classname="OpencodePlugin" time="0.002321" file="test/plugin/provider-opencode.test.ts" line="99" assertions="2" />
      <testcase name="uses configured apiKey as credentials" classname="OpencodePlugin" time="0.002508" file="test/plugin/provider-opencode.test.ts" line="122" assertions="2" />
      <testcase name="uses auth-enabled providers as credentials" classname="OpencodePlugin" time="0.00276" file="test/plugin/provider-opencode.test.ts" line="154" assertions="2" />
      <testcase name="ignores non-opencode providers and models" classname="OpencodePlugin" time="0.003147" file="test/plugin/provider-opencode.test.ts" line="177" assertions="2" />
      <testcase name="prefers gpt-5-nano as the opencode small model" classname="OpencodePlugin" time="0.003674" file="test/plugin/provider-opencode.test.ts" line="198" assertions="1" />
    </testsuite>
  </testsuite>
  <testsuite name="test/plugin/provider-openrouter.test.ts" file="test/plugin/provider-openrouter.test.ts" tests="5" assertions="9" failures="0" skipped="0" time="0" hostname="WORKPC">
    <testsuite name="OpenRouterPlugin" file="test/plugin/provider-openrouter.test.ts" line="11" tests="5" assertions="9" failures="0" skipped="0" time="0.041" hostname="WORKPC">
      <testcase name="is registered so legacy OpenRouter behavior can be applied" classname="OpenRouterPlugin" time="0.000982" file="test/plugin/provider-openrouter.test.ts" line="12" assertions="1" />
      <testcase name="applies legacy referer headers only to openrouter" classname="OpenRouterPlugin" time="0.00256" file="test/plugin/provider-openrouter.test.ts" line="21" assertions="2" />
      <testcase name="creates an SDK only for the OpenRouter package" classname="OpenRouterPlugin" time="0.035633" file="test/plugin/provider-openrouter.test.ts" line="48" assertions="2" />
      <testcase name="filters OpenRouter&apos;s gpt-5 chat alias" classname="OpenRouterPlugin" time="0.003602" file="test/plugin/provider-openrouter.test.ts" line="73" assertions="3" />
      <testcase name="does not disable gpt-5-chat-latest for non-OpenRouter providers" classname="OpenRouterPlugin" time="0.001954" file="test/plugin/provider-openrouter.test.ts" line="106" assertions="1" />
    </testsuite>
  </testsuite>
  <testsuite name="test/plugin/provider-perplexity.test.ts" file="test/plugin/provider-perplexity.test.ts" tests="5" assertions="6" failures="0" skipped="0" time="0" hostname="WORKPC">
    <testsuite name="PerplexityPlugin" file="test/plugin/provider-perplexity.test.ts" line="8" tests="5" assertions="6" failures="0" skipped="0" time="0.04" hostname="WORKPC">
      <testcase name="creates a Perplexity SDK for the exact @ai-sdk/perplexity package" classname="PerplexityPlugin" time="0.036892" file="test/plugin/provider-perplexity.test.ts" line="9" assertions="1" />
      <testcase name="ignores packages that are not the bundled Perplexity package" classname="PerplexityPlugin" time="0.001199" file="test/plugin/provider-perplexity.test.ts" line="22" assertions="1" />
      <testcase name="uses the Perplexity provider ID as the SDK name for the bundled provider" classname="PerplexityPlugin" time="0.001334" file="test/plugin/provider-perplexity.test.ts" line="39" assertions="1" />
      <testcase name="creates bundled Perplexity SDKs for custom provider IDs" classname="PerplexityPlugin" time="0.001213" file="test/plugin/provider-perplexity.test.ts" line="62" assertions="1" />
      <testcase name="leaves Perplexity language selection to the default languageModel fallback" classname="PerplexityPlugin" time="0.001086" file="test/plugin/provider-perplexity.test.ts" line="89" assertions="2" />
    </testsuite>
  </testsuite>
  <testsuite name="test/plugin/provider-sap-ai-core.test.ts" file="test/plugin/provider-sap-ai-core.test.ts" tests="5" assertions="10" failures="0" skipped="0" time="0" hostname="WORKPC">
    <testsuite name="SapAICorePlugin" file="test/plugin/provider-sap-ai-core.test.ts" line="9" tests="5" assertions="10" failures="0" skipped="0" time="0.005" hostname="WORKPC">
      <testcase name="copies serviceKey option into AICORE_SERVICE_KEY but keeps SDK options to deployment metadata" classname="SapAICorePlugin" time="0.002234" file="test/plugin/provider-sap-ai-core.test.ts" line="10" assertions="2" />
      <testcase name="preserves existing AICORE_SERVICE_KEY over serviceKey option" classname="SapAICorePlugin" time="0.001069" file="test/plugin/provider-sap-ai-core.test.ts" line="32" assertions="2" />
      <testcase name="omits deployment and resourceGroup SDK options when no service key is available" classname="SapAICorePlugin" time="0.000795" file="test/plugin/provider-sap-ai-core.test.ts" line="58" assertions="2" />
      <testcase name="uses the callable SDK for language selection" classname="SapAICorePlugin" time="0.001001" file="test/plugin/provider-sap-ai-core.test.ts" line="76" assertions="1" />
      <testcase name="ignores non-SAP AI Core providers" classname="SapAICorePlugin" time="0.001184" file="test/plugin/provider-sap-ai-core.test.ts" line="94" assertions="3" />
    </testsuite>
  </testsuite>
  <testsuite name="test/plugin/provider-togetherai.test.ts" file="test/plugin/provider-togetherai.test.ts" tests="4" assertions="8" failures="0" skipped="0" time="0" hostname="WORKPC">
    <testsuite name="TogetherAIPlugin" file="test/plugin/provider-togetherai.test.ts" line="7" tests="4" assertions="8" failures="0" skipped="0" time="0.039" hostname="WORKPC">
      <testcase name="creates a TogetherAI SDK for @ai-sdk/togetherai" classname="TogetherAIPlugin" time="0.03735" file="test/plugin/provider-togetherai.test.ts" line="8" assertions="1" />
      <testcase name="matches the old bundled provider package exactly" classname="TogetherAIPlugin" time="0.001479" file="test/plugin/provider-togetherai.test.ts" line="21" assertions="2" />
      <testcase name="creates bundled TogetherAI SDKs for custom provider IDs" classname="TogetherAIPlugin" time="0.001453" file="test/plugin/provider-togetherai.test.ts" line="46" assertions="1" />
      <testcase name="defaults language selection to sdk.languageModel with the model API ID" classname="TogetherAIPlugin" time="0.000939" file="test/plugin/provider-togetherai.test.ts" line="75" assertions="4" />
    </testsuite>
  </testsuite>
  <testsuite name="test/plugin/provider-venice.test.ts" file="test/plugin/provider-venice.test.ts" tests="4" assertions="7" failures="0" skipped="0" time="0" hostname="WORKPC">
    <testsuite name="VenicePlugin" file="test/plugin/provider-venice.test.ts" line="7" tests="4" assertions="7" failures="0" skipped="0" time="0.215" hostname="WORKPC">
      <testcase name="creates a Venice SDK for venice-ai-sdk-provider" classname="VenicePlugin" time="0.205796" file="test/plugin/provider-venice.test.ts" line="8" assertions="1" />
      <testcase name="uses the model provider ID as the bundled Venice SDK name" classname="VenicePlugin" time="0.007932" file="test/plugin/provider-venice.test.ts" line="21" assertions="2" />
      <testcase name="only handles the bundled venice-ai-sdk-provider package" classname="VenicePlugin" time="0.001757" file="test/plugin/provider-venice.test.ts" line="49" assertions="2" />
      <testcase name="leaves Venice language selection to the default languageModel fallback" classname="VenicePlugin" time="0.002218" file="test/plugin/provider-venice.test.ts" line="72" assertions="2" />
    </testsuite>
  </testsuite>
  <testsuite name="test/plugin/provider-vercel.test.ts" file="test/plugin/provider-vercel.test.ts" tests="4" assertions="6" failures="0" skipped="0" time="0" hostname="WORKPC">
    <testsuite name="VercelPlugin" file="test/plugin/provider-vercel.test.ts" line="9" tests="4" assertions="6" failures="0" skipped="0" time="0.112" hostname="WORKPC">
      <testcase name="applies legacy lower-case referer headers" classname="VercelPlugin" time="0.025043" file="test/plugin/provider-vercel.test.ts" line="10" assertions="1" />
      <testcase name="does not add legacy upper-case referer headers" classname="VercelPlugin" time="0.002007" file="test/plugin/provider-vercel.test.ts" line="34" assertions="2" />
      <testcase name="creates @ai-sdk/vercel SDKs for custom provider IDs" classname="VercelPlugin" time="0.083818" file="test/plugin/provider-vercel.test.ts" line="53" assertions="2" />
      <testcase name="ignores non-Vercel providers" classname="VercelPlugin" time="0.00273" file="test/plugin/provider-vercel.test.ts" line="67" assertions="1" />
    </testsuite>
  </testsuite>
  <testsuite name="test/plugin/provider-xai.test.ts" file="test/plugin/provider-xai.test.ts" tests="4" assertions="7" failures="0" skipped="0" time="0" hostname="WORKPC">
    <testsuite name="XAIPlugin" file="test/plugin/provider-xai.test.ts" line="21" tests="4" assertions="7" failures="0" skipped="0" time="0.044" hostname="WORKPC">
      <testcase name="creates an xAI SDK only for @ai-sdk/xai" classname="XAIPlugin" time="0.043032" file="test/plugin/provider-xai.test.ts" line="22" assertions="2" />
      <testcase name="creates xAI SDKs for custom provider IDs" classname="XAIPlugin" time="0.001164" file="test/plugin/provider-xai.test.ts" line="40" assertions="1" />
      <testcase name="uses responses with the model apiID for xAI language models" classname="XAIPlugin" time="0.0006" file="test/plugin/provider-xai.test.ts" line="74" assertions="2" />
      <testcase name="ignores non-xAI providers" classname="XAIPlugin" time="0.000553" file="test/plugin/provider-xai.test.ts" line="95" assertions="2" />
    </testsuite>
  </testsuite>
  <testsuite name="test/plugin/provider-zenmux.test.ts" file="test/plugin/provider-zenmux.test.ts" tests="5" assertions="6" failures="0" skipped="0" time="0" hostname="WORKPC">
    <testsuite name="ZenmuxPlugin" file="test/plugin/provider-zenmux.test.ts" line="10" tests="5" assertions="6" failures="0" skipped="0" time="0.013" hostname="WORKPC">
      <testcase name="is registered so legacy referer headers can be applied" classname="ZenmuxPlugin" time="0.002921" file="test/plugin/provider-zenmux.test.ts" line="11" assertions="1" />
      <testcase name="applies the exact legacy Zenmux headers" classname="ZenmuxPlugin" time="0.007289" file="test/plugin/provider-zenmux.test.ts" line="20" assertions="2" />
      <testcase name="merges legacy Zenmux headers with existing headers" classname="ZenmuxPlugin" time="0.001797" file="test/plugin/provider-zenmux.test.ts" line="40" assertions="1" />
      <testcase name="lets configured Zenmux legacy headers override defaults" classname="ZenmuxPlugin" time="0.001527" file="test/plugin/provider-zenmux.test.ts" line="65" assertions="1" />
      <testcase name="guards legacy Zenmux headers to the exact zenmux provider id" classname="ZenmuxPlugin" time="0.00203" file="test/plugin/provider-zenmux.test.ts" line="93" assertions="1" />
    </testsuite>
  </testsuite>
  <testsuite name="test/process/process.test.ts" file="test/process/process.test.ts" tests="21" assertions="47" failures="0" skipped="0" time="0" hostname="WORKPC">
    <testsuite name="AppProcess" file="test/process/process.test.ts" line="14" tests="21" assertions="47" failures="0" skipped="0" time="0" hostname="WORKPC">
      <testsuite name="run" file="test/process/process.test.ts" line="15" tests="8" assertions="25" failures="0" skipped="0" time="0.33" hostname="WORKPC">
        <testcase name="captures stdout and exit code zero" classname="run &amp;gt; AppProcess" time="0.044252" file="test/process/process.test.ts" line="17" assertions="4" />
        <testcase name="non-zero exit returns RunResult; caller can require success" classname="run &amp;gt; AppProcess" time="0.028714" file="test/process/process.test.ts" line="29" assertions="1" />
        <testcase name="requireSuccess fails on non-zero exit" classname="run &amp;gt; AppProcess" time="0.025142" file="test/process/process.test.ts" line="38" assertions="3" />
        <testcase name="requireSuccess succeeds on exit 0" classname="run &amp;gt; AppProcess" time="0.028441" file="test/process/process.test.ts" line="58" assertions="1" />
        <testcase name="requireExitIn allowlists multiple exit codes" classname="run &amp;gt; AppProcess" time="0.08061" file="test/process/process.test.ts" line="67" assertions="5" />
        <testcase name="truncates stdout when maxOutputBytes is set" classname="run &amp;gt; AppProcess" time="0.040354" file="test/process/process.test.ts" line="88" assertions="5" />
        <testcase name="truncates stderr when maxErrorBytes is set" classname="run &amp;gt; AppProcess" time="0.044893" file="test/process/process.test.ts" line="101" assertions="5" />
        <testcase name="result includes command description" classname="run &amp;gt; AppProcess" time="0.041358" file="test/process/process.test.ts" line="114" assertions="1" />
      </testsuite>
      <testsuite name="inherited platform methods" file="test/process/process.test.ts" line="123" tests="2" assertions="2" failures="0" skipped="0" time="0.08" hostname="WORKPC">
        <testcase name="string returns stdout as string" classname="inherited platform methods &amp;gt; AppProcess" time="0.03555" file="test/process/process.test.ts" line="125" assertions="1" />
        <testcase name="lines returns the platform&apos;s array of lines" classname="inherited platform methods &amp;gt; AppProcess" time="0.045526" file="test/process/process.test.ts" line="134" assertions="1" />
      </testsuite>
      <testsuite name="run with stdin option" file="test/process/process.test.ts" line="143" tests="6" assertions="13" failures="0" skipped="0" time="0.286" hostname="WORKPC">
        <testcase name="feeds a string to stdin and returns it on stdout" classname="run with stdin option &amp;gt; AppProcess" time="0.049535" file="test/process/process.test.ts" line="147" assertions="2" />
        <testcase name="feeds a Uint8Array to stdin" classname="run with stdin option &amp;gt; AppProcess" time="0.050302" file="test/process/process.test.ts" line="157" assertions="2" />
        <testcase name="feeds a Stream of Uint8Array chunks to stdin" classname="run with stdin option &amp;gt; AppProcess" time="0.048727" file="test/process/process.test.ts" line="168" assertions="2" />
        <testcase name="completes correctly with empty input" classname="run with stdin option &amp;gt; AppProcess" time="0.048683" file="test/process/process.test.ts" line="180" assertions="2" />
        <testcase name="carries existing Command options like env" classname="run with stdin option &amp;gt; AppProcess" time="0.049085" file="test/process/process.test.ts" line="190" assertions="2" />
        <testcase name="carries existing Command options like cwd" classname="run with stdin option &amp;gt; AppProcess" time="0.042551" file="test/process/process.test.ts" line="203" assertions="3" />
      </testsuite>
      <testsuite name="runStream" file="test/process/process.test.ts" line="219" tests="4" assertions="6" failures="0" skipped="0" time="0.118" hostname="WORKPC">
        <testcase name="emits lines incrementally and ends cleanly on exit 0" classname="runStream &amp;gt; AppProcess" time="0.029061" file="test/process/process.test.ts" line="221" assertions="1" />
        <testcase name="okExitCodes determines whether a non-zero exit fails the stream" classname="runStream &amp;gt; AppProcess" time="0.055027" file="test/process/process.test.ts" line="232" assertions="3" />
        <testcase name="without okExitCodes, never fails on exit code" classname="runStream &amp;gt; AppProcess" time="0.030676" file="test/process/process.test.ts" line="255" assertions="1" />
        <testcase name="AbortSignal interrupts the stream" classname="runStream &amp;gt; AppProcess" time="0.004909" file="test/process/process.test.ts" line="264" assertions="1" />
      </testsuite>
      <testsuite name="spawn (inherited)" file="test/process/process.test.ts" line="279" tests="1" assertions="1" failures="0" skipped="0" time="0.001" hostname="WORKPC">
        <testcase name="returns the platform ChildProcessHandle for advanced use" classname="spawn (inherited) &amp;gt; AppProcess" time="0.001826" file="test/process/process.test.ts" line="281" assertions="1" />
      </testsuite>
    </testsuite>
  </testsuite>
  <testsuite name="test/util/effect-flock.test.ts" file="test/util/effect-flock.test.ts" tests="11" assertions="21" failures="1" skipped="0" time="0" hostname="WORKPC">
    <testsuite name="util.effect-flock" file="test/util/effect-flock.test.ts" line="112" tests="11" assertions="21" failures="1" skipped="0" time="6.747" hostname="WORKPC">
      <testcase name="acquire and release via scoped Effect" classname="util.effect-flock" time="0.004455" file="test/util/effect-flock.test.ts" line="116" assertions="1" />
      <testcase name="withLock data-first" classname="util.effect-flock" time="0.003408" file="test/util/effect-flock.test.ts" line="131" assertions="1" />
      <testcase name="withLock pipeable" classname="util.effect-flock" time="0.002878" file="test/util/effect-flock.test.ts" line="151" assertions="1" />
      <testcase name="writes owner metadata" classname="util.effect-flock" time="0.007077" file="test/util/effect-flock.test.ts" line="167" assertions="4" />
      <testcase name="breaks stale lock dirs" classname="util.effect-flock" time="0.005556" file="test/util/effect-flock.test.ts" line="192" assertions="1" />
      <testcase name="recovers from stale breaker" classname="util.effect-flock" time="0.104024" file="test/util/effect-flock.test.ts" line="220" assertions="2" />
      <testcase name="detects compromise when lock dir removed" classname="util.effect-flock" time="0.003697" file="test/util/effect-flock.test.ts" line="252" assertions="2" />
      <testcase name="detects token mismatch" classname="util.effect-flock" time="0.003943" file="test/util/effect-flock.test.ts" line="275" assertions="3" />
      <testcase name="fails on unwritable lock roots" classname="util.effect-flock" time="0.006316" file="test/util/effect-flock.test.ts" line="304" assertions="1">
        <failure type="AssertionError" />
      </testcase>
      <testcase name="enforces mutual exclusion under process contention" classname="util.effect-flock" time="4.661686" file="test/util/effect-flock.test.ts" line="324" assertions="3" />
      <testcase name="recovers after a crashed lock owner" classname="util.effect-flock" time="1.949024" file="test/util/effect-flock.test.ts" line="354" assertions="2" />
    </testsuite>
  </testsuite>
  <testsuite name="test/util/flock.test.ts" file="test/util/flock.test.ts" tests="10" assertions="22" failures="3" skipped="0" time="0" hostname="WORKPC">
    <testsuite name="util.flock" file="test/util/flock.test.ts" line="112" tests="10" assertions="22" failures="3" skipped="0" time="20.719" hostname="WORKPC">
      <testcase name="enforces mutual exclusion under process contention" classname="util.flock" time="3.223217" file="test/util/flock.test.ts" line="113" assertions="3" />
      <testcase name="times out while waiting when lock is still healthy" classname="util.flock" time="1.418198" file="test/util/flock.test.ts" line="145" assertions="4" />
      <testcase name="recovers after a crashed lock owner" classname="util.flock" time="4.504531" file="test/util/flock.test.ts" line="182" assertions="1" />
      <testcase name="breaks stale lock dirs when heartbeat is missing" classname="util.flock" time="1.893152" file="test/util/flock.test.ts" line="216" assertions="1" />
      <testcase name="recovers when a stale breaker claim was left behind" classname="util.flock" time="3.559985" file="test/util/flock.test.ts" line="242" assertions="0">
        <failure type="AssertionError" />
      </testcase>
      <testcase name="fails clearly if lock dir is removed while held" classname="util.flock" time="0.00322" file="test/util/flock.test.ts" line="273" assertions="3" />
      <testcase name="writes owner metadata while lock is held" classname="util.flock" time="0.002457" file="test/util/flock.test.ts" line="313" assertions="4" />
      <testcase name="supports acquire with await using" classname="util.flock" time="0.002045" file="test/util/flock.test.ts" line="342" assertions="2" />
      <testcase name="refuses token mismatch release and recovers from stale" classname="util.flock" time="6.112874" file="test/util/flock.test.ts" line="360" assertions="3">
        <failure type="AssertionError" />
      </testcase>
      <testcase name="fails clearly on unwritable lock roots" classname="util.flock" time="0.003986" file="test/util/flock.test.ts" line="401" assertions="1">
        <failure type="AssertionError" />
      </testcase>
    </testsuite>
  </testsuite>
</testsuites>
